#-----------------------------------------------------------
# Vivado v2017.2 (64-bit)
# SW Build 1909853 on Thu Jun 15 18:39:09 MDT 2017
# IP Build 1909766 on Thu Jun 15 19:58:00 MDT 2017
# Start of session at: Sun Jan 17 18:11:50 2021
# Process ID: 17380
# Current directory: C:/Users/andoi/Documents/Unibersidad/PBL/Serial/TOP_DIBINA150121/TOP_DIBINA
# Command line: vivado.exe -gui_launcher_event rodinguilauncherevent17112 C:\Users\andoi\Documents\Unibersidad\PBL\Serial\TOP_DIBINA150121\TOP_DIBINA\TOP_DIBINA.xpr
# Log file: C:/Users/andoi/Documents/Unibersidad/PBL/Serial/TOP_DIBINA150121/TOP_DIBINA/vivado.log
# Journal file: C:/Users/andoi/Documents/Unibersidad/PBL/Serial/TOP_DIBINA150121/TOP_DIBINA\vivado.jou
#-----------------------------------------------------------
start_gui
open_project C:/Users/andoi/Documents/Unibersidad/PBL/Serial/TOP_DIBINA150121/TOP_DIBINA/TOP_DIBINA.xpr
INFO: [Project 1-313] Project file moved from 'C:/Users/aitor/OneDrive/Escritorio/Mondragon/Maila2/POPBL3/SLP_Vivado/TOP_DIBINA/TOP_DIBINA' since last save.
Scanning sources...
Finished scanning sources
INFO: [IP_Flow 19-234] Refreshing IP repositories
INFO: [IP_Flow 19-1704] No user IP repositories specified
INFO: [IP_Flow 19-2313] Loaded Vivado IP repository 'D:/Programas/Vivado/2017.2/data/ip'.
open_project: Time (s): cpu = 00:00:12 ; elapsed = 00:00:09 . Memory (MB): peak = 792.887 ; gain = 29.035
update_compile_order -fileset sources_1
open_hw
connect_hw_server
INFO: [Labtools 27-2285] Connecting to hw_server url TCP:localhost:3121
INFO: [Labtools 27-2222] Launching hw_server...
INFO: [Labtools 27-2221] Launch Output:

****** Xilinx hw_server v2017.2
  **** Build date : Jun 15 2017-18:53:26
    ** Copyright 1986-2017 Xilinx, Inc. All Rights Reserved.


connect_hw_server: Time (s): cpu = 00:00:03 ; elapsed = 00:00:06 . Memory (MB): peak = 820.453 ; gain = 0.000
open_hw_target
INFO: [Labtoolstcl 44-466] Opening hw_target localhost:3121/xilinx_tcf/Digilent/210183AF2D41A
set_property PROGRAM.FILE {C:/Users/andoi/Documents/Unibersidad/PBL/Serial/TOP_DIBINA150121/TOP_DIBINA/TOP_DIBINA.runs/impl_1/TOP_DIBINA.bit} [get_hw_devices xc7a35t_0]
current_hw_device [get_hw_devices xc7a35t_0]
refresh_hw_device -update_hw_probes false [lindex [get_hw_devices xc7a35t_0] 0]
INFO: [Labtools 27-1435] Device xc7a35t (JTAG device index = 0) is not programmed (DONE status = 0).
set_property PROBES.FILE {} [get_hw_devices xc7a35t_0]
set_property FULL_PROBES.FILE {} [get_hw_devices xc7a35t_0]
set_property PROGRAM.FILE {C:/Users/andoi/Documents/Unibersidad/PBL/Serial/TOP_DIBINA150121/TOP_DIBINA/TOP_DIBINA.runs/impl_1/TOP_DIBINA.bit} [get_hw_devices xc7a35t_0]
program_hw_devices [get_hw_devices xc7a35t_0]
INFO: [Labtools 27-3164] End of startup status: HIGH
refresh_hw_device [lindex [get_hw_devices xc7a35t_0] 0]
INFO: [Labtools 27-1434] Device xc7a35t (JTAG device index = 0) is programmed with a design that has no supported debug core(s) in it.
WARNING: [Labtools 27-3361] The debug hub core was not detected.
Resolution: 
1. Make sure the clock connected to the debug hub (dbg_hub) core is a free running clock and is active.
2. Make sure the BSCAN_SWITCH_USER_MASK device property in Vivado Hardware Manager reflects the user scan chain setting in the design and refresh the device.  To determine the user scan chain setting in the design, open the implemented design and use 'get_property C_USER_SCAN_CHAIN [get_debug_cores dbg_hub]'.
For more details on setting the scan chain property, consult the Vivado Debug and Programming User Guide (UG908).
ERROR: [Labtoolstcl 44-513] HW Target shutdown. Closing target: localhost:3121/xilinx_tcf/Digilent/210183AF2D41A
disconnect_hw_server localhost:3121
connect_hw_server
INFO: [Labtools 27-2285] Connecting to hw_server url TCP:localhost:3121
INFO: [Common 17-41] Interrupt caught. Command should exit soon.
INFO: [Labtools 27-2058] connect_hw_server command cancelled.
connect_hw_server: Time (s): cpu = 00:00:01 ; elapsed = 00:00:48 . Memory (MB): peak = 1010.910 ; gain = 0.000
INFO: [Common 17-344] 'connect_hw_server' was cancelled
